0 info it worked if it ends with ok
1 verbose cli [ '/usr/bin/nodejs',
1 verbose cli   '/usr/bin/npm',
1 verbose cli   'version',
1 verbose cli   'patch',
1 verbose cli   '-m',
1 verbose cli   'Expose documentation for augmentation in main scramjet module' ]
2 info using npm@3.10.10
3 info using node@v6.11.0
4 info git [ 'status', '--porcelain' ]
5 verbose stack Error: Git working directory not clean.
5 verbose stack M  README.md
5 verbose stack M  docs/buffer-stream.md
5 verbose stack M  docs/data-stream.md
5 verbose stack M  docs/index.md
5 verbose stack M  docs/multi-stream.md
5 verbose stack M  docs/string-stream.md
5 verbose stack M  lib/buffer-stream.js
5 verbose stack M  lib/data-stream.js
5 verbose stack M  lib/index.js
5 verbose stack M  lib/multi-stream.js
5 verbose stack M  lib/string-stream.js
5 verbose stack     at /usr/lib/node_modules/npm/lib/version.js:247:19
5 verbose stack     at /usr/lib/node_modules/npm/lib/utils/no-progress-while-running.js:21:8
5 verbose stack     at ChildProcess.exithandler (child_process.js:195:7)
5 verbose stack     at emitTwo (events.js:106:13)
5 verbose stack     at ChildProcess.emit (events.js:191:7)
5 verbose stack     at maybeClose (internal/child_process.js:891:16)
5 verbose stack     at Socket.<anonymous> (internal/child_process.js:342:11)
5 verbose stack     at emitOne (events.js:96:13)
5 verbose stack     at Socket.emit (events.js:188:7)
5 verbose stack     at Pipe._handle.close [as _onclose] (net.js:497:12)
6 verbose cwd /mnt/d/scramjet/scramjet-core
7 error Linux 3.4.0+
8 error argv "/usr/bin/nodejs" "/usr/bin/npm" "version" "patch" "-m" "Expose documentation for augmentation in main scramjet module"
9 error node v6.11.0
10 error npm  v3.10.10
11 error Git working directory not clean.
11 error M  README.md
11 error M  docs/buffer-stream.md
11 error M  docs/data-stream.md
11 error M  docs/index.md
11 error M  docs/multi-stream.md
11 error M  docs/string-stream.md
11 error M  lib/buffer-stream.js
11 error M  lib/data-stream.js
11 error M  lib/index.js
11 error M  lib/multi-stream.js
11 error M  lib/string-stream.js
12 error If you need help, you may report this error at:
12 error     <https://github.com/npm/npm/issues>
13 verbose exit [ 1, true ]
